{"/Users/jeremiah/Library/Mobile Documents/com~apple~CloudDocs/ga/wdi-sg-3/github/examples/untitled folder/testing/app.js":{"path":"/Users/jeremiah/Library/Mobile Documents/com~apple~CloudDocs/ga/wdi-sg-3/github/examples/untitled folder/testing/app.js","s":{"1":1,"2":1,"3":1,"4":1,"5":3,"6":1,"7":1,"8":1},"b":{"1":[1,1]},"f":{},"fnMap":{},"statementMap":{"1":{"start":{"line":1,"column":0},"end":{"line":1,"column":34}},"2":{"start":{"line":2,"column":0},"end":{"line":2,"column":21}},"3":{"start":{"line":3,"column":0},"end":{"line":3,"column":37}},"4":{"start":{"line":5,"column":0},"end":{"line":7,"column":2}},"5":{"start":{"line":6,"column":2},"end":{"line":6,"column":45}},"6":{"start":{"line":9,"column":0},"end":{"line":11,"column":2}},"7":{"start":{"line":10,"column":2},"end":{"line":10,"column":49}},"8":{"start":{"line":13,"column":0},"end":{"line":13,"column":20}}},"branchMap":{"1":{"line":3,"type":"binary-expr","locations":[{"start":{"line":3,"column":13},"end":{"line":3,"column":29}},{"start":{"line":3,"column":33},"end":{"line":3,"column":37}}]}}}}